Copyright 1986-2022 Xilinx, Inc. All Rights Reserved.
-----------------------------------------------------------------------------------------------------------------------------------------------------------------------------------------------------------------------------------------------------------------------------------------
| Tool Version : Vivado v.2022.1 (lin64) Build 3526262 Mon Apr 18 15:47:01 MDT 2022
| Date         : Thu Sep  4 20:34:59 2025
| Host         : acclnode02 running 64-bit Ubuntu 20.04.6 LTS
| Command      : report_accelerator_utilization -kernels { datamover_outerloop_0:top_i/ulp/datamover_outerloop_0_1/inst:datamover_outerloop_0_1 kernel_outerloop_0:top_i/ulp/kernel_outerloop_0_1/inst:kernel_outerloop_0_1} -file kernel_util_routed.rpt -name kernel_util_routed -json
| Design       : top_wrapper
| Device       : xcvc1902
| Design State : Fully Placed
-----------------------------------------------------------------------------------------------------------------------------------------------------------------------------------------------------------------------------------------------------------------------------------------

Accelerator Utilization Design Information

Table of Contents
-----------------
1. System Utilization

1. System Utilization
---------------------

+----------------------------+-------------------+------------------+------------------+---------------+---------------+
| Name                       | REG               | LUT              | LUTAsMem         | BRAM          | URAM          |
+----------------------------+-------------------+------------------+------------------+---------------+---------------+
| Platform                   |   31248 [  1.74%] |  20332 [  2.26%] |   2028 [  0.45%] |  32 [  3.31%] | 120 [ 25.92%] |
| User Budget                | 1768432 [100.00%] | 879508 [100.00%] | 447892 [100.00%] | 935 [100.00%] | 343 [100.00%] |
|    Used Resources          |  352635 [ 19.94%] | 149083 [ 16.95%] |  69775 [ 15.58%] |  77 [  8.24%] |   0 [  0.00%] |
|    Unused Resources        | 1415797 [ 80.06%] | 730425 [ 83.05%] | 378117 [ 84.42%] | 858 [ 91.76%] | 343 [100.00%] |
| datamover_outerloop_0      |   59479 [  3.36%] |  30700 [  3.49%] |   8935 [  1.99%] |  77 [  8.24%] |   0 [  0.00%] |
|    datamover_outerloop_0_1 |   59479 [  3.36%] |  30700 [  3.49%] |   8935 [  1.99%] |  77 [  8.24%] |   0 [  0.00%] |
| kernel_outerloop_0         |  293156 [ 16.58%] | 118383 [ 13.46%] |  60840 [ 13.58%] |   0 [  0.00%] |   0 [  0.00%] |
|    kernel_outerloop_0_1    |  293156 [ 16.58%] | 118383 [ 13.46%] |  60840 [ 13.58%] |   0 [  0.00%] |   0 [  0.00%] |
+----------------------------+-------------------+------------------+------------------+---------------+---------------+


