Copyright 1986-2022 Xilinx, Inc. All Rights Reserved.
-------------------------------------------------------------------------------------------------------------------------------------------------------------------------------------------------------------------------------------------------------------------------------------------
| Tool Version : Vivado v.2022.1 (lin64) Build 3526262 Mon Apr 18 15:47:01 MDT 2022
| Date         : Thu Sep  4 18:48:00 2025
| Host         : acclnode02 running 64-bit Ubuntu 20.04.6 LTS
| Command      : report_accelerator_utilization -kernels { datamover_outerloop_0:top_i/ulp/datamover_outerloop_0_1/inst:datamover_outerloop_0_1 kernel_outerloop_0:top_i/ulp/kernel_outerloop_0_1/inst:kernel_outerloop_0_1} -file kernel_util_synthed.rpt -name kernel_util_synthed -json
| Design       : top_wrapper
| Device       : xcvc1902
| Design State : Synthesized
-------------------------------------------------------------------------------------------------------------------------------------------------------------------------------------------------------------------------------------------------------------------------------------------

Accelerator Utilization Design Information

Table of Contents
-----------------
1. System Utilization

1. System Utilization
---------------------

+----------------------------+-------------------+------------------+------------------+---------------+---------------+
| Name                       | REG               | LUT              | LUTAsMem         | BRAM          | URAM          |
+----------------------------+-------------------+------------------+------------------+---------------+---------------+
| Platform                   |   34039 [  1.89%] |  23249 [  2.58%] |   2154 [  0.48%] |  32 [  3.31%] | 144 [ 31.10%] |
| User Budget                | 1765641 [100.00%] | 876591 [100.00%] | 447766 [100.00%] | 935 [100.00%] | 319 [100.00%] |
|    Used Resources          |  353457 [ 20.02%] | 182938 [ 20.87%] | 101699 [ 22.71%] |  77 [  8.24%] |   0 [  0.00%] |
|    Unused Resources        | 1412184 [ 79.98%] | 693653 [ 79.13%] | 346067 [ 77.29%] | 858 [ 91.76%] | 319 [100.00%] |
| datamover_outerloop_0      |   59285 [  3.36%] |  31331 [  3.57%] |   9331 [  2.08%] |  77 [  8.24%] |   0 [  0.00%] |
|    datamover_outerloop_0_1 |   59285 [  3.36%] |  31331 [  3.57%] |   9331 [  2.08%] |  77 [  8.24%] |   0 [  0.00%] |
| kernel_outerloop_0         |  294172 [ 16.66%] | 151607 [ 17.30%] |  92368 [ 20.63%] |   0 [  0.00%] |   0 [  0.00%] |
|    kernel_outerloop_0_1    |  294172 [ 16.66%] | 151607 [ 17.30%] |  92368 [ 20.63%] |   0 [  0.00%] |   0 [  0.00%] |
+----------------------------+-------------------+------------------+------------------+---------------+---------------+


