Copyright 1986-2022 Xilinx, Inc. All Rights Reserved.
-----------------------------------------------------------------------------------------------------------------------------------------------------------------------------------------------------------------------------------------------------------------------------------------
| Tool Version : Vivado v.2022.1 (lin64) Build 3526262 Mon Apr 18 15:47:01 MDT 2022
| Date         : Wed Sep  3 04:26:31 2025
| Host         : acclnode02 running 64-bit Ubuntu 20.04.6 LTS
| Command      : report_accelerator_utilization -kernels { datamover_outerloop_0:top_i/ulp/datamover_outerloop_0_1/inst:datamover_outerloop_0_1 kernel_outerloop_0:top_i/ulp/kernel_outerloop_0_1/inst:kernel_outerloop_0_1} -file kernel_util_routed.rpt -name kernel_util_routed -json
| Design       : top_wrapper
| Device       : xcvc1902
| Design State : Fully Placed
-----------------------------------------------------------------------------------------------------------------------------------------------------------------------------------------------------------------------------------------------------------------------------------------

Accelerator Utilization Design Information

Table of Contents
-----------------
1. System Utilization

1. System Utilization
---------------------

+----------------------------+-------------------+------------------+------------------+---------------+---------------+
| Name                       | REG               | LUT              | LUTAsMem         | BRAM          | URAM          |
+----------------------------+-------------------+------------------+------------------+---------------+---------------+
| Platform                   |   28987 [  1.61%] |  20069 [  2.23%] |   2028 [  0.45%] |  40 [  4.14%] |   0 [  0.00%] |
| User Budget                | 1770693 [100.00%] | 879771 [100.00%] | 447892 [100.00%] | 927 [100.00%] | 463 [100.00%] |
|    Used Resources          |  194342 [ 10.98%] | 130547 [ 14.84%] |  51404 [ 11.48%] | 718 [ 77.45%] |   0 [  0.00%] |
|    Unused Resources        | 1576351 [ 89.02%] | 749224 [ 85.16%] | 396488 [ 88.52%] | 209 [ 22.55%] | 463 [100.00%] |
| datamover_outerloop_0      |   22539 [  1.27%] |  19824 [  2.25%] |   4680 [  1.04%] |  14 [  1.51%] |   0 [  0.00%] |
|    datamover_outerloop_0_1 |   22539 [  1.27%] |  19824 [  2.25%] |   4680 [  1.04%] |  14 [  1.51%] |   0 [  0.00%] |
| kernel_outerloop_0         |  171803 [  9.70%] | 110723 [ 12.59%] |  46724 [ 10.43%] | 704 [ 75.94%] |   0 [  0.00%] |
|    kernel_outerloop_0_1    |  171803 [  9.70%] | 110723 [ 12.59%] |  46724 [ 10.43%] | 704 [ 75.94%] |   0 [  0.00%] |
+----------------------------+-------------------+------------------+------------------+---------------+---------------+


