Copyright 1986-2022 Xilinx, Inc. All Rights Reserved.
-------------------------------------------------------------------------------------------------------------------------------------------------------------------------------------------------------------------------------------------------------------------------------------------
| Tool Version : Vivado v.2022.1 (lin64) Build 3526262 Mon Apr 18 15:47:01 MDT 2022
| Date         : Wed Sep  3 02:29:33 2025
| Host         : acclnode02 running 64-bit Ubuntu 20.04.6 LTS
| Command      : report_accelerator_utilization -kernels { datamover_outerloop_0:top_i/ulp/datamover_outerloop_0_1/inst:datamover_outerloop_0_1 kernel_outerloop_0:top_i/ulp/kernel_outerloop_0_1/inst:kernel_outerloop_0_1} -file kernel_util_synthed.rpt -name kernel_util_synthed -json
| Design       : top_wrapper
| Device       : xcvc1902
| Design State : Synthesized
-------------------------------------------------------------------------------------------------------------------------------------------------------------------------------------------------------------------------------------------------------------------------------------------

Accelerator Utilization Design Information

Table of Contents
-----------------
1. System Utilization

1. System Utilization
---------------------

+----------------------------+-------------------+------------------+------------------+---------------+---------------+
| Name                       | REG               | LUT              | LUTAsMem         | BRAM          | URAM          |
+----------------------------+-------------------+------------------+------------------+---------------+---------------+
| Platform                   |   31247 [  1.74%] |  22961 [  2.55%] |   2154 [  0.48%] |  44 [  4.55%] |   0 [  0.00%] |
| User Budget                | 1768433 [100.00%] | 876879 [100.00%] | 447766 [100.00%] | 923 [100.00%] | 463 [100.00%] |
|    Used Resources          |  195751 [ 11.07%] | 165903 [ 18.92%] |  73195 [ 16.35%] | 718 [ 77.79%] |   0 [  0.00%] |
|    Unused Resources        | 1572682 [ 88.93%] | 710976 [ 81.08%] | 374571 [ 83.65%] | 205 [ 22.21%] | 463 [100.00%] |
| datamover_outerloop_0      |   22406 [  1.27%] |  20461 [  2.33%] |   5375 [  1.20%] |  14 [  1.52%] |   0 [  0.00%] |
|    datamover_outerloop_0_1 |   22406 [  1.27%] |  20461 [  2.33%] |   5375 [  1.20%] |  14 [  1.52%] |   0 [  0.00%] |
| kernel_outerloop_0         |  173345 [  9.80%] | 145442 [ 16.59%] |  67820 [ 15.15%] | 704 [ 76.27%] |   0 [  0.00%] |
|    kernel_outerloop_0_1    |  173345 [  9.80%] | 145442 [ 16.59%] |  67820 [ 15.15%] | 704 [ 76.27%] |   0 [  0.00%] |
+----------------------------+-------------------+------------------+------------------+---------------+---------------+


