Copyright 1986-2022 Xilinx, Inc. All Rights Reserved.
-----------------------------------------------------------------------------------------------------------------------------------------------------------------------------------------------------------------------------------------------------------------------------------------
| Tool Version : Vivado v.2022.1 (lin64) Build 3526262 Mon Apr 18 15:47:01 MDT 2022
| Date         : Thu Sep  4 19:22:20 2025
| Host         : acclnode02 running 64-bit Ubuntu 20.04.6 LTS
| Command      : report_accelerator_utilization -kernels { datamover_outerloop_0:top_i/ulp/datamover_outerloop_0_1/inst:datamover_outerloop_0_1 kernel_outerloop_0:top_i/ulp/kernel_outerloop_0_1/inst:kernel_outerloop_0_1} -file kernel_util_placed.rpt -name kernel_util_placed -json
| Design       : top_wrapper
| Device       : xcvc1902
| Design State : Fully Placed
-----------------------------------------------------------------------------------------------------------------------------------------------------------------------------------------------------------------------------------------------------------------------------------------

Accelerator Utilization Design Information

Table of Contents
-----------------
1. System Utilization

1. System Utilization
---------------------

+----------------------------+-------------------+------------------+------------------+---------------+---------------+
| Name                       | REG               | LUT              | LUTAsMem         | BRAM          | URAM          |
+----------------------------+-------------------+------------------+------------------+---------------+---------------+
| Platform                   |   29267 [  1.63%] |  19832 [  2.20%] |   2028 [  0.45%] |  32 [  3.31%] |  30 [  6.48%] |
| User Budget                | 1770413 [100.00%] | 880008 [100.00%] | 447892 [100.00%] | 935 [100.00%] | 433 [100.00%] |
|    Used Resources          |  211337 [ 11.94%] |  37810 [  4.30%] |  10229 [  2.28%] | 159 [ 17.01%] |   0 [  0.00%] |
|    Unused Resources        | 1559076 [ 88.06%] | 842198 [ 95.70%] | 437663 [ 97.72%] | 776 [ 82.99%] | 433 [100.00%] |
| datamover_outerloop_0      |   15484 [  0.87%] |   7416 [  0.84%] |   1800 [  0.40%] |  15 [  1.60%] |   0 [  0.00%] |
|    datamover_outerloop_0_1 |   15484 [  0.87%] |   7416 [  0.84%] |   1800 [  0.40%] |  15 [  1.60%] |   0 [  0.00%] |
| kernel_outerloop_0         |  195853 [ 11.06%] |  30394 [  3.45%] |   8429 [  1.88%] | 144 [ 15.40%] |   0 [  0.00%] |
|    kernel_outerloop_0_1    |  195853 [ 11.06%] |  30394 [  3.45%] |   8429 [  1.88%] | 144 [ 15.40%] |   0 [  0.00%] |
+----------------------------+-------------------+------------------+------------------+---------------+---------------+


