Copyright 1986-2022 Xilinx, Inc. All Rights Reserved.
-------------------------------------------------------------------------------------------------------------------------------------------------------------------------------------------------------------------------------------------------------------------------------------------
| Tool Version : Vivado v.2022.1 (lin64) Build 3526262 Mon Apr 18 15:47:01 MDT 2022
| Date         : Thu Sep  4 18:47:30 2025
| Host         : acclnode02 running 64-bit Ubuntu 20.04.6 LTS
| Command      : report_accelerator_utilization -kernels { datamover_outerloop_0:top_i/ulp/datamover_outerloop_0_1/inst:datamover_outerloop_0_1 kernel_outerloop_0:top_i/ulp/kernel_outerloop_0_1/inst:kernel_outerloop_0_1} -file kernel_util_synthed.rpt -name kernel_util_synthed -json
| Design       : top_wrapper
| Device       : xcvc1902
| Design State : Synthesized
-------------------------------------------------------------------------------------------------------------------------------------------------------------------------------------------------------------------------------------------------------------------------------------------

Accelerator Utilization Design Information

Table of Contents
-----------------
1. System Utilization

1. System Utilization
---------------------

+----------------------------+-------------------+------------------+------------------+---------------+---------------+
| Name                       | REG               | LUT              | LUTAsMem         | BRAM          | URAM          |
+----------------------------+-------------------+------------------+------------------+---------------+---------------+
| Platform                   |   31651 [  1.76%] |  22751 [  2.53%] |   2154 [  0.48%] |  32 [  3.31%] |  10 [  2.16%] |
| User Budget                | 1768029 [100.00%] | 877089 [100.00%] | 447766 [100.00%] | 935 [100.00%] | 453 [100.00%] |
|    Used Resources          |  190782 [ 10.79%] |  85513 [  9.75%] |  34651 [  7.74%] | 575 [ 61.50%] |   0 [  0.00%] |
|    Unused Resources        | 1577247 [ 89.21%] | 791576 [ 90.25%] | 413115 [ 92.26%] | 360 [ 38.50%] | 453 [100.00%] |
| datamover_outerloop_0      |   17887 [  1.01%] |   9708 [  1.11%] |   2499 [  0.56%] |  31 [  3.32%] |   0 [  0.00%] |
|    datamover_outerloop_0_1 |   17887 [  1.01%] |   9708 [  1.11%] |   2499 [  0.56%] |  31 [  3.32%] |   0 [  0.00%] |
| kernel_outerloop_0         |  172895 [  9.78%] |  75805 [  8.64%] |  32152 [  7.18%] | 544 [ 58.18%] |   0 [  0.00%] |
|    kernel_outerloop_0_1    |  172895 [  9.78%] |  75805 [  8.64%] |  32152 [  7.18%] | 544 [ 58.18%] |   0 [  0.00%] |
+----------------------------+-------------------+------------------+------------------+---------------+---------------+


