Copyright 1986-2022 Xilinx, Inc. All Rights Reserved.
-----------------------------------------------------------------------------------------------------------------------------------------------------------------------------------------------------------------------------------------------------------------------------------------
| Tool Version : Vivado v.2022.1 (lin64) Build 3526262 Mon Apr 18 15:47:01 MDT 2022
| Date         : Thu Sep  4 19:24:13 2025
| Host         : acclnode02 running 64-bit Ubuntu 20.04.6 LTS
| Command      : report_accelerator_utilization -kernels { datamover_outerloop_0:top_i/ulp/datamover_outerloop_0_1/inst:datamover_outerloop_0_1 kernel_outerloop_0:top_i/ulp/kernel_outerloop_0_1/inst:kernel_outerloop_0_1} -file kernel_util_placed.rpt -name kernel_util_placed -json
| Design       : top_wrapper
| Device       : xcvc1902
| Design State : Fully Placed
-----------------------------------------------------------------------------------------------------------------------------------------------------------------------------------------------------------------------------------------------------------------------------------------

Accelerator Utilization Design Information

Table of Contents
-----------------
1. System Utilization

1. System Utilization
---------------------

+----------------------------+-------------------+------------------+------------------+---------------+---------------+
| Name                       | REG               | LUT              | LUTAsMem         | BRAM          | URAM          |
+----------------------------+-------------------+------------------+------------------+---------------+---------------+
| Platform                   |   29259 [  1.63%] |  19838 [  2.20%] |   2028 [  0.45%] |  32 [  3.31%] |   8 [  1.73%] |
| User Budget                | 1770421 [100.00%] | 880002 [100.00%] | 447892 [100.00%] | 935 [100.00%] | 455 [100.00%] |
|    Used Resources          |  191342 [ 10.81%] |  69937 [  7.95%] |  21371 [  4.77%] | 575 [ 61.50%] |   0 [  0.00%] |
|    Unused Resources        | 1579079 [ 89.19%] | 810065 [ 92.05%] | 426521 [ 95.23%] | 360 [ 38.50%] | 455 [100.00%] |
| datamover_outerloop_0      |   17990 [  1.02%] |   9589 [  1.09%] |   2379 [  0.53%] |  31 [  3.32%] |   0 [  0.00%] |
|    datamover_outerloop_0_1 |   17990 [  1.02%] |   9589 [  1.09%] |   2379 [  0.53%] |  31 [  3.32%] |   0 [  0.00%] |
| kernel_outerloop_0         |  173352 [  9.79%] |  60348 [  6.86%] |  18992 [  4.24%] | 544 [ 58.18%] |   0 [  0.00%] |
|    kernel_outerloop_0_1    |  173352 [  9.79%] |  60348 [  6.86%] |  18992 [  4.24%] | 544 [ 58.18%] |   0 [  0.00%] |
+----------------------------+-------------------+------------------+------------------+---------------+---------------+


