Copyright 1986-2022 Xilinx, Inc. All Rights Reserved.
-------------------------------------------------------------------------------------------------------------------------------------------------------------------------------------------------------------------------------------------------------------------------------------------
| Tool Version : Vivado v.2022.1 (lin64) Build 3526262 Mon Apr 18 15:47:01 MDT 2022
| Date         : Thu Sep  4 19:01:47 2025
| Host         : acclnode02 running 64-bit Ubuntu 20.04.6 LTS
| Command      : report_accelerator_utilization -kernels { datamover_outerloop_0:top_i/ulp/datamover_outerloop_0_1/inst:datamover_outerloop_0_1 kernel_outerloop_0:top_i/ulp/kernel_outerloop_0_1/inst:kernel_outerloop_0_1} -file kernel_util_synthed.rpt -name kernel_util_synthed -json
| Design       : top_wrapper
| Device       : xcvc1902
| Design State : Synthesized
-------------------------------------------------------------------------------------------------------------------------------------------------------------------------------------------------------------------------------------------------------------------------------------------

Accelerator Utilization Design Information

Table of Contents
-----------------
1. System Utilization

1. System Utilization
---------------------

+----------------------------+-------------------+------------------+------------------+---------------+---------------+
| Name                       | REG               | LUT              | LUTAsMem         | BRAM          | URAM          |
+----------------------------+-------------------+------------------+------------------+---------------+---------------+
| Platform                   |   31001 [  1.72%] |  22733 [  2.53%] |   2154 [  0.48%] |  50 [  5.17%] |   0 [  0.00%] |
| User Budget                | 1768679 [100.00%] | 877107 [100.00%] | 447766 [100.00%] | 917 [100.00%] | 463 [100.00%] |
|    Used Resources          |  215073 [ 12.16%] |  48377 [  5.52%] |  17334 [  3.87%] | 175 [ 19.08%] |   0 [  0.00%] |
|    Unused Resources        | 1553606 [ 87.84%] | 828730 [ 94.48%] | 430432 [ 96.13%] | 742 [ 80.92%] | 463 [100.00%] |
| datamover_outerloop_0      |   17598 [  0.99%] |  10771 [  1.23%] |   3657 [  0.82%] |  31 [  3.38%] |   0 [  0.00%] |
|    datamover_outerloop_0_1 |   17598 [  0.99%] |  10771 [  1.23%] |   3657 [  0.82%] |  31 [  3.38%] |   0 [  0.00%] |
| kernel_outerloop_0         |  197475 [ 11.17%] |  37606 [  4.29%] |  13677 [  3.05%] | 144 [ 15.70%] |   0 [  0.00%] |
|    kernel_outerloop_0_1    |  197475 [ 11.17%] |  37606 [  4.29%] |  13677 [  3.05%] | 144 [ 15.70%] |   0 [  0.00%] |
+----------------------------+-------------------+------------------+------------------+---------------+---------------+


