Copyright 1986-2022 Xilinx, Inc. All Rights Reserved.
-----------------------------------------------------------------------------------------------------------------------------------------------------------------------------------------------------------------------------------------------------------------------------------------
| Tool Version : Vivado v.2022.1 (lin64) Build 3526262 Mon Apr 18 15:47:01 MDT 2022
| Date         : Thu Sep  4 20:02:42 2025
| Host         : acclnode02 running 64-bit Ubuntu 20.04.6 LTS
| Command      : report_accelerator_utilization -kernels { datamover_outerloop_0:top_i/ulp/datamover_outerloop_0_1/inst:datamover_outerloop_0_1 kernel_outerloop_0:top_i/ulp/kernel_outerloop_0_1/inst:kernel_outerloop_0_1} -file kernel_util_routed.rpt -name kernel_util_routed -json
| Design       : top_wrapper
| Device       : xcvc1902
| Design State : Fully Placed
-----------------------------------------------------------------------------------------------------------------------------------------------------------------------------------------------------------------------------------------------------------------------------------------

Accelerator Utilization Design Information

Table of Contents
-----------------
1. System Utilization

1. System Utilization
---------------------

+----------------------------+-------------------+------------------+------------------+---------------+---------------+
| Name                       | REG               | LUT              | LUTAsMem         | BRAM          | URAM          |
+----------------------------+-------------------+------------------+------------------+---------------+---------------+
| Platform                   |   28721 [  1.60%] |  19801 [  2.20%] |   2028 [  0.45%] |  48 [  4.96%] |   0 [  0.00%] |
| User Budget                | 1770959 [100.00%] | 880039 [100.00%] | 447892 [100.00%] | 919 [100.00%] | 463 [100.00%] |
|    Used Resources          |  213656 [ 12.06%] |  41105 [  4.67%] |  11964 [  2.67%] | 175 [ 19.04%] |   0 [  0.00%] |
|    Unused Resources        | 1557303 [ 87.94%] | 838934 [ 95.33%] | 435928 [ 97.33%] | 744 [ 80.96%] | 463 [100.00%] |
| datamover_outerloop_0      |   17738 [  1.00%] |  10634 [  1.21%] |   3535 [  0.79%] |  31 [  3.37%] |   0 [  0.00%] |
|    datamover_outerloop_0_1 |   17738 [  1.00%] |  10634 [  1.21%] |   3535 [  0.79%] |  31 [  3.37%] |   0 [  0.00%] |
| kernel_outerloop_0         |  195918 [ 11.06%] |  30471 [  3.46%] |   8429 [  1.88%] | 144 [ 15.67%] |   0 [  0.00%] |
|    kernel_outerloop_0_1    |  195918 [ 11.06%] |  30471 [  3.46%] |   8429 [  1.88%] | 144 [ 15.67%] |   0 [  0.00%] |
+----------------------------+-------------------+------------------+------------------+---------------+---------------+


